<?xml version="1.0" encoding="UTF-8" ?>
<testsuite tests="43" failures="0" name="edu.umsl.game.backend.AssetTest" time="0.434" errors="0" skipped="0">
  <properties>
    <property name="idea.version" value="2020.3.4"/>
    <property name="java.runtime.name" value="OpenJDK Runtime Environment"/>
    <property name="java.vm.version" value="15.0.2+7-27"/>
    <property name="sun.boot.library.path" value="C:\Users\joshu\.jdks\openjdk-15.0.2\bin"/>
    <property name="maven.multiModuleProjectDirectory" value="C:\Users\joshu\IdeaProjects\threepennies"/>
    <property name="java.vm.vendor" value="Oracle Corporation"/>
    <property name="java.vendor.url" value="https://java.oracle.com/"/>
    <property name="guice.disable.misplaced.annotation.check" value="true"/>
    <property name="path.separator" value=";"/>
    <property name="java.vm.name" value="OpenJDK 64-Bit Server VM"/>
    <property name="sun.os.patch.level" value=""/>
    <property name="user.script" value=""/>
    <property name="user.country" value="US"/>
    <property name="sun.java.launcher" value="SUN_STANDARD"/>
    <property name="java.vm.specification.name" value="Java Virtual Machine Specification"/>
    <property name="user.dir" value="C:\Users\joshu\IdeaProjects\threepennies"/>
    <property name="java.vm.compressedOopsMode" value="Zero based"/>
    <property name="java.runtime.version" value="15.0.2+7-27"/>
    <property name="os.arch" value="amd64"/>
    <property name="java.io.tmpdir" value="C:\Users\joshu\AppData\Local\Temp\"/>
    <property name="line.separator" value="
"/>
    <property name="java.vm.specification.vendor" value="Oracle Corporation"/>
    <property name="user.variant" value=""/>
    <property name="os.name" value="Windows 10"/>
    <property name="maven.ext.class.path" value="C:\Program Files\JetBrains\IntelliJ IDEA 2020.3.1\plugins\maven\lib\maven-event-listener.jar"/>
    <property name="classworlds.conf" value="C:\Program Files\JetBrains\IntelliJ IDEA 2020.3.1\plugins\maven\lib\maven3\bin\m2.conf"/>
    <property name="sun.jnu.encoding" value="Cp1252"/>
    <property name="java.library.path" value="C:\Users\joshu\.jdks\openjdk-15.0.2\bin;C:\Windows\Sun\Java\bin;C:\Windows\system32;C:\Windows;C:\Program Files\Oculus\Support\oculus-runtime;C:\Python310\Scripts\;C:\Users\joshu\.jdks\openjdk-15.0.2\bin;C:\Program Files (x86)\Common Files\Oracle\Java\javapath;C:\Users\joshu\AppData\Local\Programs\Python\Python39\Scripts\;C:\Users\joshu\AppData\Local\Programs\Python\Python39\;C:\Windows\system32;C:\Windows;C:\Windows\System32\Wbem;C:\Windows\System32\WindowsPowerShell\v1.0\;C:\Windows\System32\OpenSSH\;C:\Program Files\NVIDIA Corporation\NVIDIA NvDLISR;C:\Program Files\Git\cmd;C:\Program Files\PuTTY\;C:\Program Files (x86)\AOMEI\AOMEI Backupper\6.6.1;C:\Program Files\Intel\WiFi\bin\;C:\Program Files\Common Files\Intel\WirelessCommon\;C:\msys64\mingw64\bin;C:\Program Files (x86)\NVIDIA Corporation\PhysX\Common;C:\Program Files\nodejs\;C:\ProgramData\chocolatey\bin;C:\Program Files (x86)\Vim\vim82;C:\Program Files (x86)\GnuWin32\bin;C:\Python310\Lib\site-packages;C:\Users\joshu\AppData\Roaming\Python\Python310\site-packages;C:\Users\joshu\.jdks\openjdk-15.0.2\bin;C:\Users\joshu\AppData\Local\Programs\Python\Python39\Scripts\;C:\Users\joshu\AppData\Local\Programs\Python\Python39\;C:\Users\joshu\AppData\Local\Microsoft\WindowsApps;C:\Users\joshu\AppData\Local\Programs\Microsoft VS Code\bin;C:\Program Files\Intel\WiFi\bin\;C:\Program Files\Common Files\Intel\WirelessCommon\;C:\Users\joshu\AppData\Roaming\npm;."/>
    <property name="maven.conf" value="C:\Program Files\JetBrains\IntelliJ IDEA 2020.3.1\plugins\maven\lib\maven3/conf"/>
    <property name="jdk.debug" value="release"/>
    <property name="java.class.version" value="59.0"/>
    <property name="java.specification.name" value="Java Platform API Specification"/>
    <property name="sun.management.compiler" value="HotSpot 64-Bit Tiered Compilers"/>
    <property name="os.version" value="10.0"/>
    <property name="user.home" value="C:\Users\joshu"/>
    <property name="user.timezone" value="America/Chicago"/>
    <property name="file.encoding" value="UTF-8"/>
    <property name="java.specification.version" value="15"/>
    <property name="user.name" value="joshu"/>
    <property name="java.class.path" value="C:\Program Files\JetBrains\IntelliJ IDEA 2020.3.1\plugins\maven\lib\maven3\boot\plexus-classworlds-2.6.0.jar;C:\Program Files\JetBrains\IntelliJ IDEA 2020.3.1\plugins\maven\lib\maven3\boot\plexus-classworlds.license"/>
    <property name="java.vm.specification.version" value="15"/>
    <property name="sun.arch.data.model" value="64"/>
    <property name="sun.java.command" value="org.codehaus.classworlds.Launcher -Didea.version=2020.3.4 install"/>
    <property name="java.home" value="C:\Users\joshu\.jdks\openjdk-15.0.2"/>
    <property name="user.language" value="en"/>
    <property name="java.specification.vendor" value="Oracle Corporation"/>
    <property name="java.vm.info" value="mixed mode, sharing"/>
    <property name="java.version" value="15.0.2"/>
    <property name="java.vendor" value="Oracle Corporation"/>
    <property name="maven.home" value="C:\Program Files\JetBrains\IntelliJ IDEA 2020.3.1\plugins\maven\lib\maven3"/>
    <property name="file.separator" value="\"/>
    <property name="java.version.date" value="2021-01-19"/>
    <property name="java.vendor.url.bug" value="https://bugreport.java.com/bugreport/"/>
    <property name="sun.io.unicode.encoding" value="UnicodeLittle"/>
    <property name="sun.cpu.endian" value="little"/>
    <property name="sun.cpu.isalist" value="amd64"/>
  </properties>
  <testcase classname="edu.umsl.game.backend.AssetTest" name="testManPlayBtnPressed" time="0.068"/>
  <testcase classname="edu.umsl.game.backend.AssetTest" name="testStandardV2" time="0.043"/>
  <testcase classname="edu.umsl.game.backend.AssetTest" name="testRulesMenuBtn" time="0.003"/>
  <testcase classname="edu.umsl.game.backend.AssetTest" name="testMidroundV2" time="0.039"/>
  <testcase classname="edu.umsl.game.backend.AssetTest" name="testContinueBtn" time="0.001"/>
  <testcase classname="edu.umsl.game.backend.AssetTest" name="testStdPlayBtn" time="0.003"/>
  <testcase classname="edu.umsl.game.backend.AssetTest" name="testExampleMenuBtnPressed" time="0.001"/>
  <testcase classname="edu.umsl.game.backend.AssetTest" name="testExamplePlayBtn" time="0.002"/>
  <testcase classname="edu.umsl.game.backend.AssetTest" name="testStdPlayBtnPressed" time="0.001"/>
  <testcase classname="edu.umsl.game.backend.AssetTest" name="testAboutUs" time="0.023"/>
  <testcase classname="edu.umsl.game.backend.AssetTest" name="testTailsToHeads" time="0.008"/>
  <testcase classname="edu.umsl.game.backend.AssetTest" name="testExamplePlayBtnPressed" time="0.001"/>
  <testcase classname="edu.umsl.game.backend.AssetTest" name="testHeads" time="0.02"/>
  <testcase classname="edu.umsl.game.backend.AssetTest" name="testTails" time="0.019"/>
  <testcase classname="edu.umsl.game.backend.AssetTest" name="testContinueBtnPressed" time="0"/>
  <testcase classname="edu.umsl.game.backend.AssetTest" name="testHowToPlayV2" time="0.024"/>
  <testcase classname="edu.umsl.game.backend.AssetTest" name="testSequenceV2" time="0.02"/>
  <testcase classname="edu.umsl.game.backend.AssetTest" name="testRulesBtnPressed" time="0.002"/>
  <testcase classname="edu.umsl.game.backend.AssetTest" name="testMainMenuV2" time="0.024"/>
  <testcase classname="edu.umsl.game.backend.AssetTest" name="testSubmitBtnPressed" time="0.001"/>
  <testcase classname="edu.umsl.game.backend.AssetTest" name="testRulesMenuBtnPressed" time="0.001"/>
  <testcase classname="edu.umsl.game.backend.AssetTest" name="testPlayMenuBtn" time="0.001"/>
  <testcase classname="edu.umsl.game.backend.AssetTest" name="testManPlayBtn" time="0.001"/>
  <testcase classname="edu.umsl.game.backend.AssetTest" name="testExampleMenuBtn" time="0.001"/>
  <testcase classname="edu.umsl.game.backend.AssetTest" name="testPlayHowToBtnPressed" time="0.001"/>
  <testcase classname="edu.umsl.game.backend.AssetTest" name="testIconRedo" time="0.002"/>
  <testcase classname="edu.umsl.game.backend.AssetTest" name="testPlayHowToBtn" time="0.001"/>
  <testcase classname="edu.umsl.game.backend.AssetTest" name="testPlayMenuBtnPressed" time="0.001"/>
  <testcase classname="edu.umsl.game.backend.AssetTest" name="testLearnMoreBtn" time="0"/>
  <testcase classname="edu.umsl.game.backend.AssetTest" name="testExampleV2" time="0.02"/>
  <testcase classname="edu.umsl.game.backend.AssetTest" name="testAboutUsBtn" time="0.001"/>
  <testcase classname="edu.umsl.game.backend.AssetTest" name="testLearnMoreBtnPressed" time="0"/>
  <testcase classname="edu.umsl.game.backend.AssetTest" name="testManualV2" time="0.018"/>
  <testcase classname="edu.umsl.game.backend.AssetTest" name="testAboutUsBtnPressed" time="0.001"/>
  <testcase classname="edu.umsl.game.backend.AssetTest" name="testSubmitBtn" time="0.001"/>
  <testcase classname="edu.umsl.game.backend.AssetTest" name="testDefeatV2" time="0.017"/>
  <testcase classname="edu.umsl.game.backend.AssetTest" name="testSequenceFlipBtnPressed" time="0.001"/>
  <testcase classname="edu.umsl.game.backend.AssetTest" name="testRulesBtn" time="0.001"/>
  <testcase classname="edu.umsl.game.backend.AssetTest" name="testVictoryV2" time="0.019"/>
  <testcase classname="edu.umsl.game.backend.AssetTest" name="testHeadsToTails" time="0.005"/>
  <testcase classname="edu.umsl.game.backend.AssetTest" name="testReadMeThumbnail" time="0.028"/>
  <testcase classname="edu.umsl.game.backend.AssetTest" name="testSequenceFlipBtn" time="0.001"/>
  <testcase classname="edu.umsl.game.backend.AssetTest" name="testWallpaper" time="0.009"/>
</testsuite>