<?xml version="1.0" encoding="UTF-8" ?>
<testsuite tests="43" failures="0" name="edu.umsl.game.backend.AssetTest" time="0.532" errors="0" skipped="0">
  <properties>
    <property name="idea.version" value="2021.2.3"/>
    <property name="java.runtime.name" value="OpenJDK Runtime Environment"/>
    <property name="java.vm.version" value="16.0.1+9-24"/>
    <property name="sun.boot.library.path" value="C:\Users\avery\.jdks\openjdk-16.0.1\bin"/>
    <property name="maven.multiModuleProjectDirectory" value="C:\Users\avery\IdeaProjects\threePennies"/>
    <property name="java.vm.vendor" value="Oracle Corporation"/>
    <property name="java.vendor.url" value="https://java.oracle.com/"/>
    <property name="guice.disable.misplaced.annotation.check" value="true"/>
    <property name="path.separator" value=";"/>
    <property name="java.vm.name" value="OpenJDK 64-Bit Server VM"/>
    <property name="sun.os.patch.level" value=""/>
    <property name="user.script" value=""/>
    <property name="user.country" value="US"/>
    <property name="sun.java.launcher" value="SUN_STANDARD"/>
    <property name="java.vm.specification.name" value="Java Virtual Machine Specification"/>
    <property name="user.dir" value="C:\Users\avery\IdeaProjects\threePennies"/>
    <property name="java.vm.compressedOopsMode" value="Zero based"/>
    <property name="java.runtime.version" value="16.0.1+9-24"/>
    <property name="os.arch" value="amd64"/>
    <property name="java.io.tmpdir" value="C:\Users\avery\AppData\Local\Temp\"/>
    <property name="line.separator" value="
"/>
    <property name="java.vm.specification.vendor" value="Oracle Corporation"/>
    <property name="user.variant" value=""/>
    <property name="os.name" value="Windows 10"/>
    <property name="maven.ext.class.path" value="C:\Program Files\JetBrains\IntelliJ IDEA 2021.1.2\plugins\maven\lib\maven-event-listener.jar"/>
    <property name="classworlds.conf" value="C:\Program Files\JetBrains\IntelliJ IDEA 2021.1.2\plugins\maven\lib\maven3\bin\m2.conf"/>
    <property name="sun.jnu.encoding" value="Cp1252"/>
    <property name="java.library.path" value="C:\Users\avery\.jdks\openjdk-16.0.1\bin;C:\WINDOWS\Sun\Java\bin;C:\WINDOWS\system32;C:\WINDOWS;C:\Program Files (x86)\Common Files\Oracle\Java\javapath;C:\Windows\system32;C:\Windows;C:\Windows\System32\Wbem;C:\Windows\System32\WindowsPowerShell\v1.0\;C:\Windows\System32\OpenSSH\;C:\Program Files\NVIDIA Corporation\NVIDIA NvDLISR;C:\Program Files (x86)\Intel\Intel(R) Management Engine Components\DAL;C:\Program Files\Intel\Intel(R) Management Engine Components\DAL;C:\Program Files\Intel\WiFi\bin\;C:\Program Files\Common Files\Intel\WirelessCommon\;C:\WINDOWS\system32;C:\WINDOWS;C:\WINDOWS\System32\Wbem;C:\WINDOWS\System32\WindowsPowerShell\v1.0\;C:\WINDOWS\System32\OpenSSH\;C:\Program Files (x86)\NVIDIA Corporation\PhysX\Common;C:\Program Files\WorldPainter;C:\MinGW\bin;C:\Program Files\dotnet\;C:\WINDOWS\system32;C:\WINDOWS;C:\WINDOWS\System32\Wbem;C:\WINDOWS\System32\WindowsPowerShell\v1.0\;C:\WINDOWS\System32\OpenSSH\;C:\Program Files\Git\cmd;C:\Program Files\PuTTY\;C:\Program Files\nodejs\;C:\Users\avery\AppData\Local\Microsoft\WindowsApps;C:\Users\avery\AppData\Local\Programs\Microsoft VS Code\bin;C:\Users\avery\.dotnet\tools;C:\Program Files\Imaginando\DRC;C:\Users\avery\AppData\Roaming\npm;."/>
    <property name="maven.conf" value="C:\Program Files\JetBrains\IntelliJ IDEA 2021.1.2\plugins\maven\lib\maven3/conf"/>
    <property name="jdk.debug" value="release"/>
    <property name="java.class.version" value="60.0"/>
    <property name="java.specification.name" value="Java Platform API Specification"/>
    <property name="sun.management.compiler" value="HotSpot 64-Bit Tiered Compilers"/>
    <property name="os.version" value="10.0"/>
    <property name="user.home" value="C:\Users\avery"/>
    <property name="user.timezone" value="America/Chicago"/>
    <property name="file.encoding" value="UTF-8"/>
    <property name="java.specification.version" value="16"/>
    <property name="user.name" value="avery"/>
    <property name="java.class.path" value="C:\Program Files\JetBrains\IntelliJ IDEA 2021.1.2\plugins\maven\lib\maven3\boot\plexus-classworlds-2.6.0.jar;C:\Program Files\JetBrains\IntelliJ IDEA 2021.1.2\plugins\maven\lib\maven3\boot\plexus-classworlds.license"/>
    <property name="java.vm.specification.version" value="16"/>
    <property name="sun.arch.data.model" value="64"/>
    <property name="sun.java.command" value="org.codehaus.classworlds.Launcher -Didea.version=2021.2.3 install"/>
    <property name="java.home" value="C:\Users\avery\.jdks\openjdk-16.0.1"/>
    <property name="user.language" value="en"/>
    <property name="java.specification.vendor" value="Oracle Corporation"/>
    <property name="java.vm.info" value="mixed mode, sharing"/>
    <property name="java.version" value="16.0.1"/>
    <property name="java.vendor" value="Oracle Corporation"/>
    <property name="maven.home" value="C:\Program Files\JetBrains\IntelliJ IDEA 2021.1.2\plugins\maven\lib\maven3"/>
    <property name="file.separator" value="\"/>
    <property name="java.version.date" value="2021-04-20"/>
    <property name="java.vendor.url.bug" value="https://bugreport.java.com/bugreport/"/>
    <property name="sun.io.unicode.encoding" value="UnicodeLittle"/>
    <property name="sun.cpu.endian" value="little"/>
    <property name="sun.cpu.isalist" value="amd64"/>
  </properties>
  <testcase classname="edu.umsl.game.backend.AssetTest" name="testManPlayBtnPressed" time="0.102"/>
  <testcase classname="edu.umsl.game.backend.AssetTest" name="testStandardV2" time="0.031"/>
  <testcase classname="edu.umsl.game.backend.AssetTest" name="testRulesMenuBtn" time="0.002"/>
  <testcase classname="edu.umsl.game.backend.AssetTest" name="testMidroundV2" time="0.061"/>
  <testcase classname="edu.umsl.game.backend.AssetTest" name="testContinueBtn" time="0.001"/>
  <testcase classname="edu.umsl.game.backend.AssetTest" name="testStdPlayBtn" time="0.005"/>
  <testcase classname="edu.umsl.game.backend.AssetTest" name="testExampleMenuBtnPressed" time="0.002"/>
  <testcase classname="edu.umsl.game.backend.AssetTest" name="testExamplePlayBtn" time="0.003"/>
  <testcase classname="edu.umsl.game.backend.AssetTest" name="testStdPlayBtnPressed" time="0.003"/>
  <testcase classname="edu.umsl.game.backend.AssetTest" name="testAboutUs" time="0.065"/>
  <testcase classname="edu.umsl.game.backend.AssetTest" name="testTailsToHeads" time="0.005"/>
  <testcase classname="edu.umsl.game.backend.AssetTest" name="testExamplePlayBtnPressed" time="0.004"/>
  <testcase classname="edu.umsl.game.backend.AssetTest" name="testHeads" time="0.056"/>
  <testcase classname="edu.umsl.game.backend.AssetTest" name="testTails" time="0.044"/>
  <testcase classname="edu.umsl.game.backend.AssetTest" name="testContinueBtnPressed" time="0"/>
  <testcase classname="edu.umsl.game.backend.AssetTest" name="testHowToPlayV2" time="0.031"/>
  <testcase classname="edu.umsl.game.backend.AssetTest" name="testSequenceV2" time="0.01"/>
  <testcase classname="edu.umsl.game.backend.AssetTest" name="testRulesBtnPressed" time="0.001"/>
  <testcase classname="edu.umsl.game.backend.AssetTest" name="testMainMenuV2" time="0.015"/>
  <testcase classname="edu.umsl.game.backend.AssetTest" name="testSubmitBtnPressed" time="0"/>
  <testcase classname="edu.umsl.game.backend.AssetTest" name="testRulesMenuBtnPressed" time="0.001"/>
  <testcase classname="edu.umsl.game.backend.AssetTest" name="testPlayMenuBtn" time="0.001"/>
  <testcase classname="edu.umsl.game.backend.AssetTest" name="testManPlayBtn" time="0.001"/>
  <testcase classname="edu.umsl.game.backend.AssetTest" name="testExampleMenuBtn" time="0"/>
  <testcase classname="edu.umsl.game.backend.AssetTest" name="testPlayHowToBtnPressed" time="0.001"/>
  <testcase classname="edu.umsl.game.backend.AssetTest" name="testIconRedo" time="0.002"/>
  <testcase classname="edu.umsl.game.backend.AssetTest" name="testPlayHowToBtn" time="0.001"/>
  <testcase classname="edu.umsl.game.backend.AssetTest" name="testPlayMenuBtnPressed" time="0.001"/>
  <testcase classname="edu.umsl.game.backend.AssetTest" name="testLearnMoreBtn" time="0"/>
  <testcase classname="edu.umsl.game.backend.AssetTest" name="testExampleV2" time="0.012"/>
  <testcase classname="edu.umsl.game.backend.AssetTest" name="testAboutUsBtn" time="0"/>
  <testcase classname="edu.umsl.game.backend.AssetTest" name="testLearnMoreBtnPressed" time="0.001"/>
  <testcase classname="edu.umsl.game.backend.AssetTest" name="testManualV2" time="0.011"/>
  <testcase classname="edu.umsl.game.backend.AssetTest" name="testAboutUsBtnPressed" time="0.001"/>
  <testcase classname="edu.umsl.game.backend.AssetTest" name="testSubmitBtn" time="0"/>
  <testcase classname="edu.umsl.game.backend.AssetTest" name="testDefeatV2" time="0.013"/>
  <testcase classname="edu.umsl.game.backend.AssetTest" name="testSequenceFlipBtnPressed" time="0.001"/>
  <testcase classname="edu.umsl.game.backend.AssetTest" name="testRulesBtn" time="0.001"/>
  <testcase classname="edu.umsl.game.backend.AssetTest" name="testVictoryV2" time="0.014"/>
  <testcase classname="edu.umsl.game.backend.AssetTest" name="testHeadsToTails" time="0.003"/>
  <testcase classname="edu.umsl.game.backend.AssetTest" name="testReadMeThumbnail" time="0.02"/>
  <testcase classname="edu.umsl.game.backend.AssetTest" name="testSequenceFlipBtn" time="0.001"/>
  <testcase classname="edu.umsl.game.backend.AssetTest" name="testWallpaper" time="0.005"/>
</testsuite>